cornish-low 0.00 4.00 3.20 3.16
greenlandic-low 28.00 64.00 1.30 0.70
ingrian-low 14.00 30.00 1.92 1.72
karelian-low 30.00 54.00 4.50 3.88
kashubian-low 54.00 66.00 0.82 0.58
kazakh-low 52.00 78.00 1.08 0.56
khakas-low 56.00 82.00 0.90 0.30
mapudungun-low 48.00 78.00 1.00 0.48
middle-high-german-low 48.00 78.00 0.84 0.54
middle-low-german-low 20.00 38.00 1.98 1.64
murrinhpatha-low 12.00 24.00 2.44 2.16
norman-low 12.00 30.00 2.36 2.14
old-irish-low 6.00 12.00 3.54 3.48
scottish-gaelic-low 46.00 74.00 1.30 0.76
telugu-low 86.00 86.00 0.30 0.30
tibetan-low 52.00 64.00 0.80 0.68
turkmen-low 50.00 74.00 1.26 0.62
asturian-low 46.20 57.50 1.09 0.93
bashkir-low 15.00 25.40 3.16 2.80
bulgarian-low 11.70 29.90 2.16 1.89
finnish-low 4.10 9.50 5.88 5.78
galician-low 31.70 46.90 1.49 1.26
georgian-low 60.10 66.90 0.76 0.67
german-low 42.10 53.70 1.28 1.13
hindi-low 32.80 48.80 2.72 2.40
ladin-low 38.00 61.00 1.12 0.83
latin-low 9.30 15.10 2.86 2.78
maltese-low 22.00 42.00 1.54 1.27
russian-low 8.80 17.30 2.01 1.93
swahili-low 3.00 9.00 3.28 3.19
uzbek-low 15.00 58.00 3.31 1.54
albanian-low 3.80 11.00 5.28 5.17
breton-low 25.00 46.00 1.77 1.43
catalan-low 20.10 47.30 1.53 1.16
english-low 72.60 87.20 0.46 0.25
friulian-low 41.00 60.00 1.07 0.68
haida-low 4.00 32.00 7.53 5.40
hebrew-low 15.10 31.10 1.85 1.61
italian-low 22.20 39.90 1.93 1.65
navajo-low 5.10 13.10 3.66 3.55
occitan-low 48.00 61.00 1.27 1.13
pashto-low 18.00 37.00 2.12 1.92
quechua-low 8.50 19.70 4.60 4.14
slovak-low 18.90 36.20 1.62 1.37
turkish-low 4.60 21.10 4.55 3.71
adyghe-low 3.30 78.70 3.25 0.72
armenian-low 19.10 36.90 2.54 2.10
kabardian-low 51.00 83.00 1.30 0.40
khaling-low 0.50 0.90 4.99 4.97
lower-sorbian-low 6.60 21.10 2.12 1.88
northern-sami-low 4.30 8.20 3.28 3.22
old-armenian-low 13.00 27.50 2.20 2.00
old-english-low 9.70 19.60 2.32 2.18
old-french-low 18.80 29.90 1.93 1.78
polish-low 11.00 33.20 2.16 1.86
romanian-low 17.80 38.80 2.56 1.99
serbo-croatian-low 10.50 22.10 2.97 2.77
swedish-low 50.30 70.20 0.87 0.60
west-frisian-low 39.00 48.00 1.48 1.36
arabic-low 0.00 0.00 8.11 8.11
basque-low 0.00 0.80 5.44 5.43
belarusian-low 10.60 27.40 2.77 2.53
bengali-low 20.00 45.00 1.93 1.40
hungarian-low 10.10 24.50 2.57 2.22
irish-low 25.60 37.90 2.64 2.48
kannada-low 19.00 29.00 2.36 2.22
livonian-low 19.00 30.00 3.14 2.92
macedonian-low 24.40 54.50 1.45 0.99
north-frisian-low 13.00 15.00 4.47 4.45
norwegian-nynorsk-low 28.00 58.10 1.41 0.91
old-church-slavonic-low 20.00 44.00 1.79 1.38
persian-low 17.60 24.60 4.33 4.19
slovene-low 8.10 19.70 2.32 2.16
spanish-low 41.80 51.50 1.25 1.10
classical-syriac-low 73.00 93.00 0.37 0.11
crimean-tatar-low 59.00 87.00 0.67 0.25
czech-low 19.20 36.40 2.33 2.07
faroese-low 17.70 37.50 1.79 1.51
greek-low 20.50 29.00 2.69 2.59
icelandic-low 22.30 40.30 1.69 1.43
kurmanji-low 52.00 78.20 1.02 0.58
middle-french-low 61.90 79.00 0.68 0.43
old-saxon-low 7.90 20.00 2.07 1.90
sanskrit-low 17.30 34.40 2.30 1.92
urdu-low 42.80 58.50 1.44 1.21
venetian-low 59.10 77.80 0.72 0.47
welsh-low 18.00 32.00 1.90 1.63
yiddish-low 68.00 86.00 0.71 0.39
azeri-low 30.00 51.00 1.62 1.21
danish-low 58.10 77.10 0.69 0.42
dutch-low 37.60 58.60 1.17 0.84
estonian-low 10.60 19.70 4.05 3.89
french-low 39.70 49.30 1.27 1.14
latvian-low 31.40 51.60 1.42 1.10
lithuanian-low 8.60 17.30 2.35 2.23
neapolitan-low 41.00 65.00 1.10 0.68
norwegian-bokmaal-low 9.00 75.70 1.60 0.51
portuguese-low 43.60 55.20 1.01 0.85
sorani-low 2.40 3.80 4.58 4.56
tatar-low 49.00 84.00 0.94 0.27
ukrainian-low 22.40 46.00 1.41 1.11
votic-low 10.00 20.00 2.20 2.04
zulu-low 1.00 3.50 4.20 4.16