faroese-high    79.30 93.40 0.41 0.16
greek-high    88.80 94.60 0.24 0.14
middle-french-high    99.30 99.60 0.02 0.01
welsh-high    91.00 97.00 0.09 0.03
yiddish-high    98.00 99.00 0.03 0.02
finnish-high    91.90 97.30 0.14 0.07
hindi-high    99.70 99.90 0.00 0.00
italian-high    97.00 98.80 0.06 0.02
ladin-high    96.00 99.00 0.08 0.03
quechua-high    99.50 99.80 0.01 0.00
swahili-high    100.00 100.00 0.00 0.00
basque-high    94.80 98.80 0.10 0.03
bengali-high    98.00 99.00 0.05 0.04
hungarian-high    83.50 95.90 0.34 0.10
kannada-high    94.00 99.00 0.20 0.02
macedonian-high    96.10 98.30 0.07 0.03
spanish-high    96.20 98.90 0.06 0.02
dutch-high    96.20 99.00 0.07 0.02
portuguese-high    97.20 98.60 0.05 0.03
tatar-high    98.00 99.00 0.02 0.01
votic-high    75.00 90.00 0.37 0.17
zulu-high    95.80 98.80 0.07 0.02
haida-high    97.00 100.00 0.03 0.00
hebrew-high    97.30 99.30 0.04 0.01
occitan-high    100.00 100.00 0.00 0.00
pashto-high    87.00 99.00 0.22 0.03
turkish-high    96.20 98.50 0.07 0.04
khaling-high    93.40 98.70 0.10 0.02
lower-sorbian-high    94.70 98.50 0.09 0.02
northern-sami-high    95.70 98.20 0.08 0.04
old-armenian-high    87.70 95.50 0.24 0.10
old-english-high    86.50 95.50 0.22 0.08
adyghe-high    96.80 98.40 0.03 0.02
crimean-tatar-high    100.00 100.00 0.00 0.00
kurmanji-high    93.20 98.80 0.09 0.01
old-french-high    89.10 95.20 0.21 0.11
serbo-croatian-high    88.50 94.80 0.26 0.14
west-frisian-high    87.00 98.00 0.25 0.06
czech-high    91.80 96.50 0.16 0.10
icelandic-high    83.30 95.70 0.33 0.10
old-saxon-high    94.40 98.60 0.09 0.02
urdu-high    98.70 99.40 0.02 0.01
venetian-high    99.30 99.90 0.01 0.00
albanian-high    91.20 98.40 0.22 0.03
english-high    96.20 98.30 0.08 0.04
friulian-high    99.00 99.00 0.01 0.01
navajo-high    85.00 93.60 0.33 0.16
slovak-high    92.00 97.90 0.14 0.04
breton-high    87.00 97.00 0.21 0.06
catalan-high    97.40 98.90 0.06 0.02
lithuanian-high    84.20 95.10 0.22 0.08
neapolitan-high    98.00 100.00 0.02 0.00
sorani-high    88.70 98.00 0.13 0.03
ukrainian-high    89.30 96.50 0.17 0.06
arabic-high    56.40 78.90 1.17 0.75
belarusian-high    88.30 95.90 0.25 0.09
classical-syriac-high    98.00 100.00 0.02 0.00
norwegian-nynorsk-high    82.50 96.00 0.28 0.07
sanskrit-high    89.30 97.80 0.19 0.05
slovene-high    90.60 97.10 0.16 0.06
armenian-high    97.00 98.80 0.06 0.02
kabardian-high    98.00 100.00 0.09 0.00
polish-high    90.40 97.00 0.19 0.06
romanian-high    84.20 95.60 0.53 0.17
swedish-high    87.30 96.40 0.23 0.07
irish-high    88.80 95.20 0.32 0.15
livonian-high    84.00 95.00 0.30 0.14
north-frisian-high    91.00 96.00 0.19 0.09
old-church-slavonic-high    70.00 96.00 0.51 0.06
persian-high    98.50 99.80 0.02 0.00
bulgarian-high    96.20 98.30 0.07 0.03
georgian-high    98.60 99.90 0.02 0.00
german-high    88.70 95.20 0.27 0.17
russian-high    91.60 96.40 0.21 0.09
uzbek-high    96.00 100.00 0.08 0.00
asturian-high    98.20 99.00 0.04 0.02
bashkir-high    98.50 99.60 0.03 0.01
galician-high    98.00 99.30 0.03 0.01
latin-high    68.80 91.80 0.46 0.15
maltese-high    93.00 98.00 0.09 0.03
